\BOOKMARK [1][-]{section.1}{\376\377\000P\000r\000i\000n\000c\000i\000p\000i\000o\000\040\000d\000i\000\040\000I\000n\000d\000u\000z\000i\000o\000n\000e}{}% 1
\BOOKMARK [1][-]{section.2}{\376\377\000C\000o\000e\000f\000f\000i\000c\000e\000n\000t\000i\000\040\000B\000i\000n\000o\000m\000i\000a\000l\000i}{}% 2
\BOOKMARK [2][-]{subsection.2.1}{\376\377\000P\000r\000o\000p\000r\000i\000e\000t\000\340\000\040\000d\000e\000l\000\040\000b\000i\000n\000o\000m\000i\000o}{section.2}% 3
\BOOKMARK [1][-]{section.3}{\376\377\000L\000i\000m\000i\000t\000i\000\040\000d\000i\000\040\000f\000u\000n\000z\000i\000o\000n\000i}{}% 4
\BOOKMARK [2][-]{subsection.3.1}{\376\377\000O\000-\000p\000i\000c\000c\000o\000l\000i}{section.3}% 5
\BOOKMARK [1][-]{section.4}{\376\377\000S\000u\000c\000c\000e\000s\000s\000i\000o\000n\000i}{}% 6
\BOOKMARK [1][-]{section.5}{\376\377\000F\000u\000n\000z\000i\000o\000n\000i\000\040\000C\000o\000n\000t\000i\000n\000u\000e}{}% 7
\BOOKMARK [1][-]{section.6}{\376\377\000D\000e\000r\000i\000v\000a\000t\000a}{}% 8
\BOOKMARK [2][-]{subsection.6.1}{\376\377\000M\000a\000s\000s\000i\000m\000o\000\040\000e\000\040\000m\000i\000n\000i\000m\000o\000\040\000a\000s\000s\000u\000l\000u\000t\000o\000\040\000d\000i\000\040\000u\000n\000a\000\040\000f\000u\000n\000z\000i\000o\000n\000e}{section.6}% 9
\BOOKMARK [1][-]{section.7}{\376\377\000S\000t\000u\000d\000i\000o\000\040\000d\000i\000\040\000F\000u\000n\000z\000i\000o\000n\000e}{}% 10
\BOOKMARK [1][-]{section.8}{\376\377\000S\000e\000r\000i\000e\000\040\000N\000u\000m\000e\000r\000i\000c\000h\000e}{}% 11
\BOOKMARK [1][-]{section.9}{\376\377\000C\000a\000l\000c\000o\000l\000o\000\040\000I\000n\000t\000e\000g\000r\000a\000l\000e}{}% 12
\BOOKMARK [2][-]{subsection.9.1}{\376\377\000M\000e\000t\000o\000d\000i\000\040\000d\000i\000\040\000i\000n\000t\000e\000g\000r\000a\000z\000i\000o\000n\000e}{section.9}% 13
\BOOKMARK [2][-]{subsection.9.2}{\376\377\000I\000n\000t\000e\000g\000r\000a\000l\000e\000\040\000i\000m\000p\000r\000o\000p\000r\000i\000o}{section.9}% 14
\BOOKMARK [1][-]{section.10}{\376\377\000E\000q\000u\000a\000z\000i\000o\000n\000i\000\040\000D\000i\000f\000f\000e\000r\000e\000n\000z\000i\000a\000l\000i}{}% 15
\BOOKMARK [1][-]{section.11}{\376\377\000T\000a\000b\000e\000l\000l\000e\000\040\000U\000t\000i\000l\000i}{}% 16
\BOOKMARK [2][-]{subsection.11.1}{\376\377\000P\000r\000o\000p\000r\000i\000e\000t\000\340\000\040\000p\000o\000t\000e\000n\000z\000e\000\040\000e\000\040\000l\000o\000g\000a\000r\000i\000t\000m\000i}{section.11}% 17
\BOOKMARK [2][-]{subsection.11.2}{\376\377\000L\000i\000m\000i\000t\000i\000\040\000n\000o\000t\000e\000v\000o\000l\000i}{section.11}% 18
\BOOKMARK [2][-]{subsection.11.3}{\376\377\000S\000v\000i\000l\000u\000p\000p\000i\000\040\000a\000s\000i\000n\000t\000o\000t\000i\000c\000i\000\040\000d\000i\000\040\000a\000l\000c\000u\000n\000e\000\040\000f\000u\000n\000z\000i\000o\000n\000i}{section.11}% 19
\BOOKMARK [2][-]{subsection.11.4}{\376\377\000T\000a\000b\000e\000l\000l\000a\000\040\000D\000e\000r\000i\000v\000a\000t\000e\000\040\000S\000e\000m\000p\000l\000i\000c\000i}{section.11}% 20
\BOOKMARK [2][-]{subsection.11.5}{\376\377\000S\000v\000i\000l\000u\000p\000p\000i\000\040\000d\000i\000\040\000M\000c\000L\000a\000u\000r\000i\000n}{section.11}% 21
\BOOKMARK [2][-]{subsection.11.6}{\376\377\000I\000n\000t\000e\000g\000r\000a\000l\000i\000\040\000i\000n\000d\000e\000f\000i\000n\000i\000t\000i\000\040\000n\000o\000t\000i}{section.11}% 22
\BOOKMARK [2][-]{subsection.11.7}{\376\377\000C\000o\000m\000e\000\040\000r\000i\000s\000o\000l\000v\000e\000r\000e\000\040\000l\000e\000\040\000E\000q\000u\000a\000z\000i\000o\000n\000i\000\040\000D\000i\000f\000f\000e\000r\000e\000n\000z\000i\000a\000l\000i}{section.11}% 23
